#
# There is insufficient memory for the Java Runtime Environment to continue.
# Native memory allocation (malloc) failed to allocate 173936 bytes for Chunk::new
# Possible reasons:
#   The system is out of physical RAM or swap space
#   In 32 bit mode, the process size limit was hit
# Possible solutions:
#   Reduce memory load on the system
#   Increase physical memory or swap space
#   Check if swap backing store is full
#   Use 64 bit Java on a 64 bit OS
#   Decrease Java heap size (-Xmx/-Xms)
#   Decrease number of Java threads
#   Decrease Java thread stack sizes (-Xss)
#   Set larger code cache with -XX:ReservedCodeCacheSize=
# This output file may be truncated or incomplete.
#
#  Out of Memory Error (allocation.cpp:323), pid=6228, tid=1224
#
# JRE version: Java(TM) SE Runtime Environment (7.0_79-b15) (build 1.7.0_79-b15)
# Java VM: Java HotSpot(TM) 64-Bit Server VM (24.79-b02 mixed mode windows-amd64 compressed oops)
# Failed to write core dump. Minidumps are not enabled by default on client versions of Windows
#

---------------  T H R E A D  ---------------

Current thread (0x00000000080b7000):  JavaThread "C2 CompilerThread1" daemon [_thread_in_native, id=1224, stack(0x0000000009730000,0x0000000009830000)]

Stack: [0x0000000009730000,0x0000000009830000]

Current CompileTask:
C2:   7783  698             com.android.dx.dex.code.LocalList::make (102 bytes)


---------------  P R O C E S S  ---------------

Java Threads: ( => current thread )
  0x0000000009c13000 JavaThread "pool-1-thread-1" [_thread_in_Java, id=9880, stack(0x000000000bb00000,0x000000000bc00000)]
  0x00000000080c9800 JavaThread "Service Thread" daemon [_thread_blocked, id=5020, stack(0x0000000009830000,0x0000000009930000)]
=>0x00000000080b7000 JavaThread "C2 CompilerThread1" daemon [_thread_in_native, id=1224, stack(0x0000000009730000,0x0000000009830000)]
  0x00000000080b5000 JavaThread "C2 CompilerThread0" daemon [_thread_blocked, id=220, stack(0x0000000009630000,0x0000000009730000)]
  0x00000000080b4000 JavaThread "Attach Listener" daemon [_thread_blocked, id=3652, stack(0x0000000009530000,0x0000000009630000)]
  0x00000000080b1000 JavaThread "Signal Dispatcher" daemon [_thread_blocked, id=10764, stack(0x0000000009430000,0x0000000009530000)]
  0x0000000008079800 JavaThread "Finalizer" daemon [_thread_blocked, id=5876, stack(0x0000000009330000,0x0000000009430000)]
  0x0000000008076000 JavaThread "Reference Handler" daemon [_thread_blocked, id=10524, stack(0x0000000009230000,0x0000000009330000)]
  0x000000000221d800 JavaThread "main" [_thread_blocked, id=2064, stack(0x0000000001f60000,0x0000000002060000)]

Other Threads:
  0x0000000008071000 VMThread [stack: 0x0000000009130000,0x0000000009230000] [id=3824]
  0x00000000080d2800 WatcherThread [stack: 0x0000000009930000,0x0000000009a30000] [id=4684]

VM state:not at safepoint (normal execution)

VM Mutex/Monitor currently owned by a thread: None

Heap
 PSYoungGen      total 101888K, used 77079K [0x00000000eaa80000, 0x00000000f1180000, 0x0000000100000000)
  eden space 98304K, 74% used [0x00000000eaa80000,0x00000000ef247298,0x00000000f0a80000)
  from space 3584K, 99% used [0x00000000f0a80000,0x00000000f0dfec00,0x00000000f0e00000)
  to   space 3584K, 0% used [0x00000000f0e00000,0x00000000f0e00000,0x00000000f1180000)
 ParOldGen       total 62976K, used 35974K [0x00000000c0000000, 0x00000000c3d80000, 0x00000000eaa80000)
  object space 62976K, 57% used [0x00000000c0000000,0x00000000c2321a70,0x00000000c3d80000)
 PSPermGen       total 21504K, used 6144K [0x00000000bae00000, 0x00000000bc300000, 0x00000000c0000000)
  object space 21504K, 28% used [0x00000000bae00000,0x00000000bb4001a8,0x00000000bc300000)

Card table byte_map: [0x00000000052e0000,0x0000000005510000] byte_map_base: 0x0000000004d09000

Polling page: 0x0000000000450000

Code Cache  [0x0000000002220000, 0x00000000024c0000, 0x0000000005220000)
 total_blobs=929 nmethods=692 adapters=189 free_code_cache=46519Kb largest_free_block=47600896

Compilation events (10 events):
Event: 7.734 Thread 0x00000000080b5000 nmethod 692 0x00000000024b5a10 code [0x00000000024b5c00, 0x00000000024b6420]
Event: 7.734 Thread 0x00000000080b5000  695   !         com.android.dx.dex.code.OutputFinisher::fixBranches (234 bytes)
Event: 7.737 Thread 0x00000000080b7000 nmethod 694 0x00000000022db950 code [0x00000000022dbaa0, 0x00000000022dbc58]
Event: 7.737 Thread 0x00000000080b7000  696             com.android.dx.dex.code.PositionList::make (224 bytes)
Event: 7.745 Thread 0x00000000080b5000 nmethod 695 0x00000000024b2c10 code [0x00000000024b2e00, 0x00000000024b3440]
Event: 7.745 Thread 0x00000000080b5000  697             com.android.dx.dex.code.DalvInsnList::makeImmutable (51 bytes)
Event: 7.752 Thread 0x00000000080b7000 nmethod 696 0x00000000024b4a90 code [0x00000000024b4c20, 0x00000000024b5408]
Event: 7.752 Thread 0x00000000080b7000  698             com.android.dx.dex.code.LocalList::make (102 bytes)
Event: 7.753 Thread 0x00000000080b5000 nmethod 697 0x00000000024b4290 code [0x00000000024b4400, 0x00000000024b47f8]
Event: 7.754 Thread 0x00000000080b5000  699             com.android.dx.dex.code.OutputFinisher::assignIndices (46 bytes)

GC Heap History (10 events):
Event: 1.642 GC heap before
{Heap before GC invocations=1 (full 0):
 PSYoungGen      total 28160K, used 24576K [0x00000000eaa80000, 0x00000000ec980000, 0x0000000100000000)
  eden space 24576K, 100% used [0x00000000eaa80000,0x00000000ec280000,0x00000000ec280000)
  from space 3584K, 0% used [0x00000000ec600000,0x00000000ec600000,0x00000000ec980000)
  to   space 3584K, 0% used [0x00000000ec280000,0x00000000ec280000,0x00000000ec600000)
 ParOldGen       total 62976K, used 0K [0x00000000c0000000, 0x00000000c3d80000, 0x00000000eaa80000)
  object space 62976K, 0% used [0x00000000c0000000,0x00000000c0000000,0x00000000c3d80000)
 PSPermGen       total 21504K, used 5670K [0x00000000bae00000, 0x00000000bc300000, 0x00000000c0000000)
  object space 21504K, 26% used [0x00000000bae00000,0x00000000bb389978,0x00000000bc300000)
Event: 1.719 GC heap after
Heap after GC invocations=1 (full 0):
 PSYoungGen      total 28160K, used 3559K [0x00000000eaa80000, 0x00000000ee180000, 0x0000000100000000)
  eden space 24576K, 0% used [0x00000000eaa80000,0x00000000eaa80000,0x00000000ec280000)
  from space 3584K, 99% used [0x00000000ec280000,0x00000000ec5f9c88,0x00000000ec600000)
  to   space 3584K, 0% used [0x00000000ede00000,0x00000000ede00000,0x00000000ee180000)
 ParOldGen       total 62976K, used 1905K [0x00000000c0000000, 0x00000000c3d80000, 0x00000000eaa80000)
  object space 62976K, 3% used [0x00000000c0000000,0x00000000c01dc6d8,0x00000000c3d80000)
 PSPermGen       total 21504K, used 5670K [0x00000000bae00000, 0x00000000bc300000, 0x00000000c0000000)
  object space 21504K, 26% used [0x00000000bae00000,0x00000000bb389978,0x00000000bc300000)
}
Event: 2.471 GC heap before
{Heap before GC invocations=2 (full 0):
 PSYoungGen      total 28160K, used 28135K [0x00000000eaa80000, 0x00000000ee180000, 0x0000000100000000)
  eden space 24576K, 100% used [0x00000000eaa80000,0x00000000ec280000,0x00000000ec280000)
  from space 3584K, 99% used [0x00000000ec280000,0x00000000ec5f9c88,0x00000000ec600000)
  to   space 3584K, 0% used [0x00000000ede00000,0x00000000ede00000,0x00000000ee180000)
 ParOldGen       total 62976K, used 1905K [0x00000000c0000000, 0x00000000c3d80000, 0x00000000eaa80000)
  object space 62976K, 3% used [0x00000000c0000000,0x00000000c01dc6d8,0x00000000c3d80000)
 PSPermGen       total 21504K, used 5800K [0x00000000bae00000, 0x00000000bc300000, 0x00000000c0000000)
  object space 21504K, 26% used [0x00000000bae00000,0x00000000bb3aa3c0,0x00000000bc300000)
Event: 2.497 GC heap after
Heap after GC invocations=2 (full 0):
 PSYoungGen      total 52736K, used 3580K [0x00000000eaa80000, 0x00000000ee180000, 0x0000000100000000)
  eden space 49152K, 0% used [0x00000000eaa80000,0x00000000eaa80000,0x00000000eda80000)
  from space 3584K, 99% used [0x00000000ede00000,0x00000000ee17f118,0x00000000ee180000)
  to   space 3584K, 0% used [0x00000000eda80000,0x00000000eda80000,0x00000000ede00000)
 ParOldGen       total 62976K, used 5582K [0x00000000c0000000, 0x00000000c3d80000, 0x00000000eaa80000)
  object space 62976K, 8% used [0x00000000c0000000,0x00000000c0573be8,0x00000000c3d80000)
 PSPermGen       total 21504K, used 5800K [0x00000000bae00000, 0x00000000bc300000, 0x00000000c0000000)
  object space 21504K, 26% used [0x00000000bae00000,0x00000000bb3aa3c0,0x00000000bc300000)
}
Event: 4.042 GC heap before
{Heap before GC invocations=3 (full 0):
 PSYoungGen      total 52736K, used 52732K [0x00000000eaa80000, 0x00000000ee180000, 0x0000000100000000)
  eden space 49152K, 100% used [0x00000000eaa80000,0x00000000eda80000,0x00000000eda80000)
  from space 3584K, 99% used [0x00000000ede00000,0x00000000ee17f118,0x00000000ee180000)
  to   space 3584K, 0% used [0x00000000eda80000,0x00000000eda80000,0x00000000ede00000)
 ParOldGen       total 62976K, used 5582K [0x00000000c0000000, 0x00000000c3d80000, 0x00000000eaa80000)
  object space 62976K, 8% used [0x00000000c0000000,0x00000000c0573be8,0x00000000c3d80000)
 PSPermGen       total 21504K, used 5860K [0x00000000bae00000, 0x00000000bc300000, 0x00000000c0000000)
  object space 21504K, 27% used [0x00000000bae00000,0x00000000bb3b93c8,0x00000000bc300000)
Event: 4.143 GC heap after
Heap after GC invocations=3 (full 0):
 PSYoungGen      total 52736K, used 3568K [0x00000000eaa80000, 0x00000000f1180000, 0x0000000100000000)
  eden space 49152K, 0% used [0x00000000eaa80000,0x00000000eaa80000,0x00000000eda80000)
  from space 3584K, 99% used [0x00000000eda80000,0x00000000eddfc220,0x00000000ede00000)
  to   space 3584K, 0% used [0x00000000f0e00000,0x00000000f0e00000,0x00000000f1180000)
 ParOldGen       total 62976K, used 13672K [0x00000000c0000000, 0x00000000c3d80000, 0x00000000eaa80000)
  object space 62976K, 21% used [0x00000000c0000000,0x00000000c0d5a020,0x00000000c3d80000)
 PSPermGen       total 21504K, used 5860K [0x00000000bae00000, 0x00000000bc300000, 0x00000000c0000000)
  object space 21504K, 27% used [0x00000000bae00000,0x00000000bb3b93c8,0x00000000bc300000)
}
Event: 5.071 GC heap before
{Heap before GC invocations=4 (full 0):
 PSYoungGen      total 52736K, used 52720K [0x00000000eaa80000, 0x00000000f1180000, 0x0000000100000000)
  eden space 49152K, 100% used [0x00000000eaa80000,0x00000000eda80000,0x00000000eda80000)
  from space 3584K, 99% used [0x00000000eda80000,0x00000000eddfc220,0x00000000ede00000)
  to   space 3584K, 0% used [0x00000000f0e00000,0x00000000f0e00000,0x00000000f1180000)
 ParOldGen       total 62976K, used 13672K [0x00000000c0000000, 0x00000000c3d80000, 0x00000000eaa80000)
  object space 62976K, 21% used [0x00000000c0000000,0x00000000c0d5a020,0x00000000c3d80000)
 PSPermGen       total 21504K, used 5883K [0x00000000bae00000, 0x00000000bc300000, 0x00000000c0000000)
  object space 21504K, 27% used [0x00000000bae00000,0x00000000bb3bec10,0x00000000bc300000)
Event: 5.301 GC heap after
Heap after GC invocations=4 (full 0):
 PSYoungGen      total 101888K, used 3564K [0x00000000eaa80000, 0x00000000f1180000, 0x0000000100000000)
  eden space 98304K, 0% used [0x00000000eaa80000,0x00000000eaa80000,0x00000000f0a80000)
  from space 3584K, 99% used [0x00000000f0e00000,0x00000000f117b0e0,0x00000000f1180000)
  to   space 3584K, 0% used [0x00000000f0a80000,0x00000000f0a80000,0x00000000f0e00000)
 ParOldGen       total 62976K, used 21753K [0x00000000c0000000, 0x00000000c3d80000, 0x00000000eaa80000)
  object space 62976K, 34% used [0x00000000c0000000,0x00000000c153e700,0x00000000c3d80000)
 PSPermGen       total 21504K, used 5883K [0x00000000bae00000, 0x00000000bc300000, 0x00000000c0000000)
  object space 21504K, 27% used [0x00000000bae00000,0x00000000bb3bec10,0x00000000bc300000)
}
Event: 6.263 GC heap before
{Heap before GC invocations=5 (full 0):
 PSYoungGen      total 101888K, used 101868K [0x00000000eaa80000, 0x00000000f1180000, 0x0000000100000000)
  eden space 98304K, 100% used [0x00000000eaa80000,0x00000000f0a80000,0x00000000f0a80000)
  from space 3584K, 99% used [0x00000000f0e00000,0x00000000f117b0e0,0x00000000f1180000)
  to   space 3584K, 0% used [0x00000000f0a80000,0x00000000f0a80000,0x00000000f0e00000)
 ParOldGen       total 62976K, used 21753K [0x00000000c0000000, 0x00000000c3d80000, 0x00000000eaa80000)
  object space 62976K, 34% used [0x00000000c0000000,0x00000000c153e700,0x00000000c3d80000)
 PSPermGen       total 21504K, used 5932K [0x00000000bae00000, 0x00000000bc300000, 0x00000000c0000000)
  object space 21504K, 27% used [0x00000000bae00000,0x00000000bb3cb238,0x00000000bc300000)
Event: 6.302 GC heap after
Heap after GC invocations=5 (full 0):
 PSYoungGen      total 101888K, used 3579K [0x00000000eaa80000, 0x00000000f1180000, 0x0000000100000000)
  eden space 98304K, 0% used [0x00000000eaa80000,0x00000000eaa80000,0x00000000f0a80000)
  from space 3584K, 99% used [0x00000000f0a80000,0x00000000f0dfec00,0x00000000f0e00000)
  to   space 3584K, 0% used [0x00000000f0e00000,0x00000000f0e00000,0x00000000f1180000)
 ParOldGen       total 62976K, used 35974K [0x00000000c0000000, 0x00000000c3d80000, 0x00000000eaa80000)
  object space 62976K, 57% used [0x00000000c0000000,0x00000000c2321a70,0x00000000c3d80000)
 PSPermGen       total 21504K, used 5932K [0x00000000bae00000, 0x00000000bc300000, 0x00000000c0000000)
  object space 21504K, 27% used [0x00000000bae00000,0x00000000bb3cb238,0x00000000bc300000)
}

Deoptimization events (10 events):
Event: 4.645 Thread 0x0000000009c31000 Uncommon trap: reason=null_check action=make_not_entrant pc=0x00000000024023e4 method=com.android.dx.dex.file.FieldIdsSection.intern(Lcom/android/dx/rop/cst/CstFieldRef;)Lcom/android/dx/dex/file/FieldIdItem; @ 26
Event: 4.654 Thread 0x0000000009c1b800 Uncommon trap: reason=null_check action=make_not_entrant pc=0x00000000024023e4 method=com.android.dx.dex.file.FieldIdsSection.intern(Lcom/android/dx/rop/cst/CstFieldRef;)Lcom/android/dx/dex/file/FieldIdItem; @ 26
Event: 4.923 Thread 0x0000000009c31000 Uncommon trap: reason=bimorphic action=maybe_recompile pc=0x0000000002381754 method=com.android.dx.ssa.LiteralOpUpgrader.tryReplacingWithConstant(Lcom/android/dx/ssa/NormalSsaInsn;)Z @ 62
Event: 5.684 Thread 0x000000000221d800 Uncommon trap: reason=class_check action=maybe_recompile pc=0x00000000023e88c4 method=com.android.dx.cf.code.RopperMachine.run(Lcom/android/dx/cf/code/Frame;II)V @ 310
Event: 5.684 Thread 0x000000000221d800 Uncommon trap: reason=class_check action=maybe_recompile pc=0x00000000023e88c4 method=com.android.dx.cf.code.RopperMachine.run(Lcom/android/dx/cf/code/Frame;II)V @ 310
Event: 5.684 Thread 0x000000000221d800 Uncommon trap: reason=class_check action=maybe_recompile pc=0x00000000023e88c4 method=com.android.dx.cf.code.RopperMachine.run(Lcom/android/dx/cf/code/Frame;II)V @ 310
Event: 6.221 Thread 0x0000000009c1b000 Uncommon trap: reason=unloaded action=reinterpret pc=0x00000000024102b0 method=com.android.dx.cf.code.Ropper.addReturnBlock()V @ 45
Event: 6.222 Thread 0x0000000009c1b000 Uncommon trap: reason=unreached action=reinterpret pc=0x0000000002354dac method=com.android.dx.ssa.MoveParamCombiner$1.visitNonMoveInsn(Lcom/android/dx/ssa/NormalSsaInsn;)V @ 27
Event: 6.678 Thread 0x000000000221d800 Uncommon trap: reason=bimorphic action=maybe_recompile pc=0x0000000002381754 method=com.android.dx.ssa.LiteralOpUpgrader.tryReplacingWithConstant(Lcom/android/dx/ssa/NormalSsaInsn;)Z @ 62
Event: 7.212 Thread 0x0000000009c13000 Uncommon trap: reason=unreached action=reinterpret pc=0x000000000237466c method=com.android.dx.dex.file.DexFile.internIfAppropriate(Lcom/android/dx/rop/cst/Constant;)V @ 92

Internal exceptions (10 events):
Event: 7.390 Thread 0x0000000009c13000 Threw 0x00000000ef15e9a0 at C:\re\jdk7u79\2331\hotspot\src\share\vm\prims\jvm.cpp:1304
Event: 7.391 Thread 0x0000000009c13000 Threw 0x00000000ef1639f0 at C:\re\jdk7u79\2331\hotspot\src\share\vm\prims\jvm.cpp:1304
Event: 7.393 Thread 0x0000000009c13000 Threw 0x00000000ef169e18 at C:\re\jdk7u79\2331\hotspot\src\share\vm\prims\jvm.cpp:1304
Event: 7.440 Thread 0x0000000009c13000 Threw 0x00000000ef16cbe0 at C:\re\jdk7u79\2331\hotspot\src\share\vm\prims\jvm.cpp:1304
Event: 7.441 Thread 0x0000000009c13000 Threw 0x00000000ef1718b8 at C:\re\jdk7u79\2331\hotspot\src\share\vm\prims\jvm.cpp:1304
Event: 7.446 Thread 0x0000000009c13000 Threw 0x00000000ef175e20 at C:\re\jdk7u79\2331\hotspot\src\share\vm\prims\jvm.cpp:1304
Event: 7.473 Thread 0x0000000009c13000 Threw 0x00000000ef188f48 at C:\re\jdk7u79\2331\hotspot\src\share\vm\prims\jvm.cpp:1304
Event: 7.475 Thread 0x0000000009c13000 Threw 0x00000000ef18bda0 at C:\re\jdk7u79\2331\hotspot\src\share\vm\prims\jvm.cpp:1304
Event: 7.479 Thread 0x0000000009c13000 Threw 0x00000000ef18edc0 at C:\re\jdk7u79\2331\hotspot\src\share\vm\prims\jvm.cpp:1304
Event: 7.490 Thread 0x0000000009c13000 Threw 0x00000000ef19fa30 at C:\re\jdk7u79\2331\hotspot\src\share\vm\prims\jvm.cpp:1304

Events (10 events):
Event: 7.445 loading class 0x0000000009cdf510
Event: 7.446 loading class 0x0000000009cdf510 done
Event: 7.473 loading class 0x000000000b048120
Event: 7.473 loading class 0x000000000b048120 done
Event: 7.473 loading class 0x0000000009cdf490
Event: 7.473 loading class 0x0000000009cdf490 done
Event: 7.479 loading class 0x00000000080fe120
Event: 7.479 loading class 0x00000000080fe120 done
Event: 7.490 loading class 0x0000000009b8cee0
Event: 7.490 loading class 0x0000000009b8cee0 done


Dynamic libraries:
0x00007ff78bb00000 - 0x00007ff78bb33000 	C:\Program Files\Java\jdk1.7.0_79\bin\java.exe
0x00007ffc899f0000 - 0x00007ffc89bb1000 	C:\WINDOWS\SYSTEM32\ntdll.dll
0x00007ffc88fe0000 - 0x00007ffc8908d000 	C:\WINDOWS\system32\KERNEL32.DLL
0x00007ffc86b70000 - 0x00007ffc86d58000 	C:\WINDOWS\system32\KERNELBASE.dll
0x00007ffc89590000 - 0x00007ffc89637000 	C:\WINDOWS\system32\ADVAPI32.dll
0x00007ffc88470000 - 0x00007ffc8850d000 	C:\WINDOWS\system32\msvcrt.dll
0x00007ffc89860000 - 0x00007ffc898bb000 	C:\WINDOWS\system32\sechost.dll
0x00007ffc88350000 - 0x00007ffc8846c000 	C:\WINDOWS\system32\RPCRT4.dll
0x00007ffc88a30000 - 0x00007ffc88b86000 	C:\WINDOWS\system32\USER32.dll
0x00007ffc88cf0000 - 0x00007ffc88e76000 	C:\WINDOWS\system32\GDI32.dll
0x00007ffc81040000 - 0x00007ffc812b4000 	C:\WINDOWS\WinSxS\amd64_microsoft.windows.common-controls_6595b64144ccf1df_6.0.10586.0_none_8c15ae12515e1c22\COMCTL32.dll
0x00007ffc88620000 - 0x00007ffc8889d000 	C:\WINDOWS\system32\combase.dll
0x00007ffc86930000 - 0x00007ffc8699a000 	C:\WINDOWS\system32\bcryptPrimitives.dll
0x00007ffc88e80000 - 0x00007ffc88ebb000 	C:\WINDOWS\system32\IMM32.DLL
0x0000000063d10000 - 0x0000000063de2000 	C:\Program Files\Java\jdk1.7.0_79\jre\bin\msvcr100.dll
0x0000000064130000 - 0x0000000064905000 	C:\Program Files\Java\jdk1.7.0_79\jre\bin\server\jvm.dll
0x00007ffc888a0000 - 0x00007ffc888a8000 	C:\WINDOWS\system32\PSAPI.DLL
0x00007ffc67000000 - 0x00007ffc67009000 	C:\WINDOWS\SYSTEM32\WSOCK32.dll
0x00007ffc88ec0000 - 0x00007ffc88f2b000 	C:\WINDOWS\system32\WS2_32.dll
0x00007ffc84760000 - 0x00007ffc84783000 	C:\WINDOWS\SYSTEM32\WINMM.dll
0x00007ffc84700000 - 0x00007ffc8472c000 	C:\WINDOWS\SYSTEM32\WINMMBASE.dll
0x00007ffc868e0000 - 0x00007ffc86923000 	C:\WINDOWS\system32\cfgmgr32.dll
0x00000000667c0000 - 0x00000000667cf000 	C:\Program Files\Java\jdk1.7.0_79\jre\bin\verify.dll
0x0000000066790000 - 0x00000000667b8000 	C:\Program Files\Java\jdk1.7.0_79\jre\bin\java.dll
0x0000000066770000 - 0x0000000066785000 	C:\Program Files\Java\jdk1.7.0_79\jre\bin\zip.dll
0x0000000064110000 - 0x000000006412a000 	C:\Program Files\Java\jdk1.7.0_79\jre\bin\net.dll
0x00007ffc858e0000 - 0x00007ffc8593c000 	C:\WINDOWS\system32\mswsock.dll
0x00000000640f0000 - 0x0000000064101000 	C:\Program Files\Java\jdk1.7.0_79\jre\bin\nio.dll

VM Arguments:
jvm_args: -Djava.awt.headless=true -Xmx1024M -Dfile.encoding=windows-1251 -Duser.country=RU -Duser.language=ru -Duser.variant 
java_command: com.android.dx.command.Main --dex --force-jumbo --num-threads=4 --multi-dex --output C:\Users\User\Desktop\tabHost\app\build\intermediates\transforms\dex\debug\folders\1000\10\com.android.support-appcompat-v7-23.3.0_b04578a33b4941349b20e0a098d3f06f34eceb0b C:\Users\User\Desktop\tabHost\app\build\intermediates\exploded-aar\com.android.support\appcompat-v7\23.3.0\jars\classes.jar
Launcher Type: SUN_STANDARD

Environment Variables:
PATH=C:\ProgramData\Oracle\Java\javapath;C:\Program Files (x86)\Intel\iCLS Client\;C:\Program Files\Intel\iCLS Client\;C:\WINDOWS\system32;C:\WINDOWS;C:\WINDOWS\System32\Wbem;C:\WINDOWS\System32\WindowsPowerShell\v1.0\;C:\Program Files (x86)\Intel\OpenCL SDK\3.0\bin\x86;C:\Program Files (x86)\Intel\OpenCL SDK\3.0\bin\x64;C:\Program Files\Intel\Intel(R) Management Engine Components\DAL;C:\Program Files\Intel\Intel(R) Management Engine Components\IPT;C:\Program Files (x86)\Intel\Intel(R) Management Engine Components\DAL;C:\Program Files (x86)\Intel\Intel(R) Management Engine Components\IPT;C:\Program Files\Intel\WiFi\bin\;C:\Program Files\Common Files\Intel\WirelessCommon\;C:\Program Files (x86)\Common Files\Acronis\SnapAPI\;C:\Program Files (x86)\Windows Live\Shared;C:\Program Files (x86)\Skype\Phone\;C:\Program Files (x86)\NVIDIA Corporation\PhysX\Common;C:\WINDOWS\system32\config\systemprofile\.dnx\bin;C:\Program Files\Microsoft DNX\Dnvm\;C:\WINDOWS\system32;C:\WINDOWS;C:\WINDOWS\System32\Wbem;C:\WINDOWS\System32\WindowsPowerShell\v1.0\
USERNAME=User
OS=Windows_NT
PROCESSOR_IDENTIFIER=Intel64 Family 6 Model 60 Stepping 3, GenuineIntel



---------------  S Y S T E M  ---------------

OS: Windows 8.1 , 64 bit Build 9600 

CPU:total 4 (2 cores per cpu, 2 threads per core) family 6 model 60 stepping 3, cmov, cx8, fxsr, mmx, sse, sse2, sse3, ssse3, sse4.1, sse4.2, popcnt, avx, avx2, erms, ht, tsc, tscinvbit

Memory: 4k page, physical 6037784k(638916k free), swap 7061784k(69272k free)

vm_info: Java HotSpot(TM) 64-Bit Server VM (24.79-b02) for windows-amd64 JRE (1.7.0_79-b15), built on Apr 10 2015 12:36:16 by "java_re" with unknown MS VC++:1600

time: Thu Jun 02 16:14:27 2016
elapsed time: 7 seconds

