#
# There is insufficient memory for the Java Runtime Environment to continue.
# Native memory allocation (malloc) failed to allocate 77456 bytes for Chunk::new
# Possible reasons:
#   The system is out of physical RAM or swap space
#   In 32 bit mode, the process size limit was hit
# Possible solutions:
#   Reduce memory load on the system
#   Increase physical memory or swap space
#   Check if swap backing store is full
#   Use 64 bit Java on a 64 bit OS
#   Decrease Java heap size (-Xmx/-Xms)
#   Decrease number of Java threads
#   Decrease Java thread stack sizes (-Xss)
#   Set larger code cache with -XX:ReservedCodeCacheSize=
# This output file may be truncated or incomplete.
#
#  Out of Memory Error (allocation.cpp:323), pid=1968, tid=5048
#
# JRE version: Java(TM) SE Runtime Environment (7.0_79-b15) (build 1.7.0_79-b15)
# Java VM: Java HotSpot(TM) 64-Bit Server VM (24.79-b02 mixed mode windows-amd64 compressed oops)
# Failed to write core dump. Minidumps are not enabled by default on client versions of Windows
#

---------------  T H R E A D  ---------------

Current thread (0x0000000008215000):  JavaThread "C2 CompilerThread0" daemon [_thread_in_native, id=5048, stack(0x00000000097a0000,0x00000000098a0000)]

Stack: [0x00000000097a0000,0x00000000098a0000]

Current CompileTask:
C2:    963   22             sun.net.www.ParseUtil::encodePath (336 bytes)


---------------  P R O C E S S  ---------------

Java Threads: ( => current thread )
  0x0000000009c9f000 JavaThread "pool-2-thread-4" [_thread_blocked, id=7156, stack(0x000000000a3a0000,0x000000000a4a0000)]
  0x0000000009cdc000 JavaThread "pool-2-thread-3" [_thread_in_native, id=580, stack(0x000000000a2a0000,0x000000000a3a0000)]
  0x0000000009cab000 JavaThread "pool-2-thread-2" [_thread_blocked, id=9456, stack(0x000000000a1a0000,0x000000000a2a0000)]
  0x000000000828e000 JavaThread "pool-3-thread-1" [_thread_blocked, id=9536, stack(0x000000000a0a0000,0x000000000a1a0000)]
  0x0000000009c25800 JavaThread "pool-2-thread-1" [_thread_blocked, id=10072, stack(0x0000000009fa0000,0x000000000a0a0000)]
  0x0000000008225800 JavaThread "Service Thread" daemon [_thread_blocked, id=9856, stack(0x00000000099a0000,0x0000000009aa0000)]
  0x0000000008222800 JavaThread "C2 CompilerThread1" daemon [_thread_blocked, id=4956, stack(0x00000000098a0000,0x00000000099a0000)]
=>0x0000000008215000 JavaThread "C2 CompilerThread0" daemon [_thread_in_native, id=5048, stack(0x00000000097a0000,0x00000000098a0000)]
  0x0000000008214000 JavaThread "Attach Listener" daemon [_thread_blocked, id=9172, stack(0x00000000096a0000,0x00000000097a0000)]
  0x0000000008211000 JavaThread "Signal Dispatcher" daemon [_thread_blocked, id=10704, stack(0x00000000095a0000,0x00000000096a0000)]
  0x00000000081e0000 JavaThread "Finalizer" daemon [_thread_blocked, id=10184, stack(0x00000000094a0000,0x00000000095a0000)]
  0x00000000081d6000 JavaThread "Reference Handler" daemon [_thread_blocked, id=2528, stack(0x00000000093a0000,0x00000000094a0000)]
  0x000000000213d800 JavaThread "main" [_thread_blocked, id=1176, stack(0x0000000002140000,0x0000000002240000)]

Other Threads:
  0x00000000081d1000 VMThread [stack: 0x00000000092a0000,0x00000000093a0000] [id=7492]
  0x0000000008232800 WatcherThread [stack: 0x0000000009aa0000,0x0000000009ba0000] [id=9732]

VM state:not at safepoint (normal execution)

VM Mutex/Monitor currently owned by a thread: None

Heap
 PSYoungGen      total 28160K, used 7966K [0x00000000eaa80000, 0x00000000ec980000, 0x0000000100000000)
  eden space 24576K, 32% used [0x00000000eaa80000,0x00000000eb247948,0x00000000ec280000)
  from space 3584K, 0% used [0x00000000ec600000,0x00000000ec600000,0x00000000ec980000)
  to   space 3584K, 0% used [0x00000000ec280000,0x00000000ec280000,0x00000000ec600000)
 ParOldGen       total 62976K, used 0K [0x00000000c0000000, 0x00000000c3d80000, 0x00000000eaa80000)
  object space 62976K, 0% used [0x00000000c0000000,0x00000000c0000000,0x00000000c3d80000)
 PSPermGen       total 21504K, used 4307K [0x00000000bae00000, 0x00000000bc300000, 0x00000000c0000000)
  object space 21504K, 20% used [0x00000000bae00000,0x00000000bb234e10,0x00000000bc300000)

Card table byte_map: [0x0000000005440000,0x0000000005670000] byte_map_base: 0x0000000004e69000

Polling page: 0x0000000000450000

Code Cache  [0x0000000002380000, 0x00000000025f0000, 0x0000000005380000)
 total_blobs=231 nmethods=22 adapters=161 free_code_cache=48730Kb largest_free_block=49882112

Compilation events (10 events):
Event: 0.787 Thread 0x0000000008222800 nmethod 17 0x00000000023e5b90 code [0x00000000023e5cc0, 0x00000000023e5d18]
Event: 0.849 Thread 0x0000000008215000   18             java.lang.String::startsWith (72 bytes)
Event: 0.850 Thread 0x0000000008222800   19             com.android.dx.util.ByteArray::getUnsignedShort (25 bytes)
Event: 0.851 Thread 0x0000000008222800 nmethod 19 0x00000000023e5790 code [0x00000000023e58e0, 0x00000000023e59d8]
Event: 0.851 Thread 0x0000000008222800   20             java.lang.String::charAt (29 bytes)
Event: 0.852 Thread 0x0000000008215000 nmethod 18 0x00000000023ea810 code [0x00000000023ea960, 0x00000000023eaaf8]
Event: 0.852 Thread 0x0000000008222800 nmethod 20 0x00000000023ea590 code [0x00000000023ea6c0, 0x00000000023ea758]
Event: 0.951 Thread 0x0000000008215000   22             sun.net.www.ParseUtil::encodePath (336 bytes)
Event: 0.953 Thread 0x0000000008222800   23             java.lang.Math::min (11 bytes)
Event: 0.953 Thread 0x0000000008222800 nmethod 23 0x00000000023eadd0 code [0x00000000023eaf00, 0x00000000023eaf58]

GC Heap History (0 events):
No events

Deoptimization events (0 events):
No events

Internal exceptions (10 events):
Event: 0.916 Thread 0x0000000009cdc000 Threw 0x00000000eafa7680 at C:\re\jdk7u79\2331\hotspot\src\share\vm\prims\jvm.cpp:1304
Event: 0.919 Thread 0x0000000009cdc000 Threw 0x00000000eafb72f8 at C:\re\jdk7u79\2331\hotspot\src\share\vm\prims\jvm.cpp:1304
Event: 0.920 Thread 0x0000000009cdc000 Threw 0x00000000eafb8f38 at C:\re\jdk7u79\2331\hotspot\src\share\vm\prims\jvm.cpp:1304
Event: 0.950 Thread 0x0000000009cdc000 Threw 0x00000000eafbdd38 at C:\re\jdk7u79\2331\hotspot\src\share\vm\prims\jvm.cpp:1304
Event: 0.951 Thread 0x000000000213d800 Threw 0x00000000eb11d698 at C:\re\jdk7u79\2331\hotspot\src\share\vm\prims\jvm.cpp:1304
Event: 0.952 Thread 0x000000000213d800 Threw 0x00000000eb121098 at C:\re\jdk7u79\2331\hotspot\src\share\vm\prims\jvm.cpp:1304
Event: 0.955 Thread 0x000000000213d800 Threw 0x00000000eb130f58 at C:\re\jdk7u79\2331\hotspot\src\share\vm\prims\jvm.cpp:1304
Event: 0.957 Thread 0x000000000213d800 Threw 0x00000000eb138bb0 at C:\re\jdk7u79\2331\hotspot\src\share\vm\prims\jvm.cpp:1304
Event: 0.959 Thread 0x0000000009c9f000 Threw 0x00000000eaff4560 at C:\re\jdk7u79\2331\hotspot\src\share\vm\prims\jvm.cpp:1304
Event: 0.960 Thread 0x0000000009cdc000 Threw 0x00000000eafc89a0 at C:\re\jdk7u79\2331\hotspot\src\share\vm\prims\jvm.cpp:1304

Events (10 events):
Event: 0.955 loading class 0x0000000009cc5750
Event: 0.955 loading class 0x0000000009cc5750 done
Event: 0.955 loading class 0x00000000022c7d20
Event: 0.955 loading class 0x00000000022c7d20 done
Event: 0.957 loading class 0x0000000009cd0c40
Event: 0.957 loading class 0x0000000009cd0c40 done
Event: 0.959 loading class 0x0000000009cd1640
Event: 0.959 loading class 0x0000000009cd1640 done
Event: 0.960 loading class 0x0000000009cd16c0
Event: 0.960 loading class 0x0000000009cd16c0 done


Dynamic libraries:
0x00007ff78bb00000 - 0x00007ff78bb33000 	C:\Program Files\Java\jdk1.7.0_79\bin\java.exe
0x00007ffc899f0000 - 0x00007ffc89bb1000 	C:\WINDOWS\SYSTEM32\ntdll.dll
0x00007ffc88fe0000 - 0x00007ffc8908d000 	C:\WINDOWS\system32\KERNEL32.DLL
0x00007ffc86b70000 - 0x00007ffc86d58000 	C:\WINDOWS\system32\KERNELBASE.dll
0x00007ffc89590000 - 0x00007ffc89637000 	C:\WINDOWS\system32\ADVAPI32.dll
0x00007ffc88470000 - 0x00007ffc8850d000 	C:\WINDOWS\system32\msvcrt.dll
0x00007ffc89860000 - 0x00007ffc898bb000 	C:\WINDOWS\system32\sechost.dll
0x00007ffc88350000 - 0x00007ffc8846c000 	C:\WINDOWS\system32\RPCRT4.dll
0x00007ffc88a30000 - 0x00007ffc88b86000 	C:\WINDOWS\system32\USER32.dll
0x00007ffc88cf0000 - 0x00007ffc88e76000 	C:\WINDOWS\system32\GDI32.dll
0x00007ffc81040000 - 0x00007ffc812b4000 	C:\WINDOWS\WinSxS\amd64_microsoft.windows.common-controls_6595b64144ccf1df_6.0.10586.0_none_8c15ae12515e1c22\COMCTL32.dll
0x00007ffc88620000 - 0x00007ffc8889d000 	C:\WINDOWS\system32\combase.dll
0x00007ffc86930000 - 0x00007ffc8699a000 	C:\WINDOWS\system32\bcryptPrimitives.dll
0x00007ffc88e80000 - 0x00007ffc88ebb000 	C:\WINDOWS\system32\IMM32.DLL
0x0000000063d10000 - 0x0000000063de2000 	C:\Program Files\Java\jdk1.7.0_79\jre\bin\msvcr100.dll
0x0000000064130000 - 0x0000000064905000 	C:\Program Files\Java\jdk1.7.0_79\jre\bin\server\jvm.dll
0x00007ffc888a0000 - 0x00007ffc888a8000 	C:\WINDOWS\system32\PSAPI.DLL
0x00007ffc67000000 - 0x00007ffc67009000 	C:\WINDOWS\SYSTEM32\WSOCK32.dll
0x00007ffc84760000 - 0x00007ffc84783000 	C:\WINDOWS\SYSTEM32\WINMM.dll
0x00007ffc88ec0000 - 0x00007ffc88f2b000 	C:\WINDOWS\system32\WS2_32.dll
0x00007ffc84700000 - 0x00007ffc8472c000 	C:\WINDOWS\SYSTEM32\WINMMBASE.dll
0x00007ffc868e0000 - 0x00007ffc86923000 	C:\WINDOWS\system32\cfgmgr32.dll
0x00000000667c0000 - 0x00000000667cf000 	C:\Program Files\Java\jdk1.7.0_79\jre\bin\verify.dll
0x0000000066790000 - 0x00000000667b8000 	C:\Program Files\Java\jdk1.7.0_79\jre\bin\java.dll
0x0000000066770000 - 0x0000000066785000 	C:\Program Files\Java\jdk1.7.0_79\jre\bin\zip.dll

VM Arguments:
jvm_args: -Djava.awt.headless=true -Xmx1024M -Dfile.encoding=windows-1251 -Duser.country=RU -Duser.language=ru -Duser.variant 
java_command: com.android.dx.command.Main --dex --force-jumbo --num-threads=4 --multi-dex --output C:\Users\User\Desktop\tabHost\app\build\intermediates\transforms\dex\debug\folders\1000\5\slice_2 C:\Users\User\Desktop\tabHost\app\build\intermediates\transforms\instantRunSlicer\debug\folders\1\5\slice_2
Launcher Type: SUN_STANDARD

Environment Variables:
PATH=C:\ProgramData\Oracle\Java\javapath;C:\Program Files (x86)\Intel\iCLS Client\;C:\Program Files\Intel\iCLS Client\;C:\WINDOWS\system32;C:\WINDOWS;C:\WINDOWS\System32\Wbem;C:\WINDOWS\System32\WindowsPowerShell\v1.0\;C:\Program Files (x86)\Intel\OpenCL SDK\3.0\bin\x86;C:\Program Files (x86)\Intel\OpenCL SDK\3.0\bin\x64;C:\Program Files\Intel\Intel(R) Management Engine Components\DAL;C:\Program Files\Intel\Intel(R) Management Engine Components\IPT;C:\Program Files (x86)\Intel\Intel(R) Management Engine Components\DAL;C:\Program Files (x86)\Intel\Intel(R) Management Engine Components\IPT;C:\Program Files\Intel\WiFi\bin\;C:\Program Files\Common Files\Intel\WirelessCommon\;C:\Program Files (x86)\Common Files\Acronis\SnapAPI\;C:\Program Files (x86)\Windows Live\Shared;C:\Program Files (x86)\Skype\Phone\;C:\Program Files (x86)\NVIDIA Corporation\PhysX\Common;C:\WINDOWS\system32\config\systemprofile\.dnx\bin;C:\Program Files\Microsoft DNX\Dnvm\;C:\WINDOWS\system32;C:\WINDOWS;C:\WINDOWS\System32\Wbem;C:\WINDOWS\System32\WindowsPowerShell\v1.0\
USERNAME=User
OS=Windows_NT
PROCESSOR_IDENTIFIER=Intel64 Family 6 Model 60 Stepping 3, GenuineIntel



---------------  S Y S T E M  ---------------

OS: Windows 8.1 , 64 bit Build 9600 

CPU:total 4 (2 cores per cpu, 2 threads per core) family 6 model 60 stepping 3, cmov, cx8, fxsr, mmx, sse, sse2, sse3, ssse3, sse4.1, sse4.2, popcnt, avx, avx2, erms, ht, tsc, tscinvbit

Memory: 4k page, physical 6037784k(502516k free), swap 7061784k(692k free)

vm_info: Java HotSpot(TM) 64-Bit Server VM (24.79-b02) for windows-amd64 JRE (1.7.0_79-b15), built on Apr 10 2015 12:36:16 by "java_re" with unknown MS VC++:1600

time: Thu Jun 02 16:02:56 2016
elapsed time: 0 seconds

